::1 - - [15/Aug/2015:17:56:10 -0300] "GET / HTTP/1.1" 200 13022
::1 - - [15/Aug/2015:17:56:10 -0300] "GET /interfaz/css/interfaz.css HTTP/1.1" 404 223
::1 - - [15/Aug/2015:17:56:10 -0300] "GET /interfaz/js/interfaz.js HTTP/1.1" 404 221
::1 - - [15/Aug/2015:17:56:10 -0300] "GET /js/primaria.js HTTP/1.1" 200 1711
::1 - - [15/Aug/2015:17:56:10 -0300] "GET /interfaz/img/icons/mark.png HTTP/1.1" 404 225
::1 - - [15/Aug/2015:17:56:10 -0300] "GET /img/logo-berni.png HTTP/1.1" 200 11188
::1 - - [15/Aug/2015:17:56:10 -0300] "GET /interfaz/img/plataforma/nube1.png HTTP/1.1" 404 231
::1 - - [15/Aug/2015:17:56:10 -0300] "GET /interfaz/img/plataforma/nube2.png HTTP/1.1" 404 231
::1 - - [15/Aug/2015:17:56:10 -0300] "GET /interfaz/img/plataforma/nube3.png HTTP/1.1" 404 231
::1 - - [15/Aug/2015:17:56:10 -0300] "GET /img/plataforma/1-1.jpg HTTP/1.1" 200 70334
::1 - - [15/Aug/2015:17:56:10 -0300] "GET /img/plataforma/1-2.jpg HTTP/1.1" 200 81743
::1 - - [15/Aug/2015:17:56:10 -0300] "GET /interfaz/img/icons/fabu.png HTTP/1.1" 404 225
::1 - - [15/Aug/2015:17:56:10 -0300] "GET /interfaz/img/icons/berni_sec.png HTTP/1.1" 404 230
::1 - - [15/Aug/2015:17:56:10 -0300] "GET /img/plataforma/footer-primaria.png HTTP/1.1" 200 355657
::1 - - [15/Aug/2015:17:56:10 -0300] "GET /font-awesome/css/font-awesome.min.css HTTP/1.1" 404 235
::1 - - [15/Aug/2015:17:56:12 -0300] "GET /interfaz/js/jquery.js HTTP/1.1" 404 219
::1 - - [15/Aug/2015:17:56:12 -0300] "GET /css/primaria.css HTTP/1.1" 200 3348
::1 - - [15/Aug/2015:17:56:12 -0300] "GET /img/icons/background-primaria.png HTTP/1.1" 200 158245
::1 - - [15/Aug/2015:17:56:13 -0300] "GET /interfaz/js/jquery-ui.min.js HTTP/1.1" 404 226
::1 - - [15/Aug/2015:17:56:13 -0300] "GET /interfaz/js/modernizr.custom.js HTTP/1.1" 404 229
::1 - - [15/Aug/2015:17:56:13 -0300] "GET /interfaz/img/icons/mark.png HTTP/1.1" 404 225
::1 - - [15/Aug/2015:17:56:13 -0300] "GET /interfaz/img/plataforma/nube1.png HTTP/1.1" 404 231
::1 - - [15/Aug/2015:17:56:13 -0300] "GET /interfaz/img/plataforma/nube3.png HTTP/1.1" 404 231
::1 - - [15/Aug/2015:17:56:13 -0300] "GET /interfaz/img/icons/fabu.png HTTP/1.1" 404 225
::1 - - [15/Aug/2015:17:56:13 -0300] "GET /interfaz/img/plataforma/nube2.png HTTP/1.1" 404 231
::1 - - [15/Aug/2015:17:56:13 -0300] "GET /interfaz/img/icons/berni_sec.png HTTP/1.1" 404 230
::1 - - [15/Aug/2015:17:56:13 -0300] "GET /img/icons/esquina.png HTTP/1.1" 200 395
::1 - - [15/Aug/2015:17:56:17 -0300] "GET / HTTP/1.1" 200 13022
::1 - - [15/Aug/2015:17:56:19 -0300] "GET /font-awesome/css/font-awesome.min.css HTTP/1.1" 404 235
::1 - - [15/Aug/2015:17:56:19 -0300] "GET /interfaz/css/interfaz.css HTTP/1.1" 404 223
::1 - - [15/Aug/2015:17:56:52 -0300] "GET /interfaz HTTP/1.1" 404 206
::1 - - [15/Aug/2015:17:56:58 -0300] "GET /interfaz/css/interfaz.css HTTP/1.1" 404 223
::1 - - [15/Aug/2015:17:57:01 -0300] "GET / HTTP/1.1" 200 13022
::1 - - [15/Aug/2015:17:57:01 -0300] "GET /font-awesome/css/font-awesome.min.css HTTP/1.1" 404 235
::1 - - [15/Aug/2015:17:57:01 -0300] "GET /interfaz/css/interfaz.css HTTP/1.1" 404 223
::1 - - [15/Aug/2015:17:57:01 -0300] "GET /interfaz/js/jquery-ui.min.js HTTP/1.1" 404 226
::1 - - [15/Aug/2015:17:57:01 -0300] "GET /interfaz/js/jquery.js HTTP/1.1" 404 219
::1 - - [15/Aug/2015:17:57:01 -0300] "GET /interfaz/js/modernizr.custom.js HTTP/1.1" 404 229
::1 - - [15/Aug/2015:17:57:01 -0300] "GET /interfaz/js/interfaz.js HTTP/1.1" 404 221
::1 - - [15/Aug/2015:17:57:01 -0300] "GET /interfaz/img/icons/mark.png HTTP/1.1" 404 225
::1 - - [15/Aug/2015:17:57:02 -0300] "GET /interfaz/img/plataforma/nube1.png HTTP/1.1" 404 231
::1 - - [15/Aug/2015:17:57:02 -0300] "GET /interfaz/img/plataforma/nube2.png HTTP/1.1" 404 231
::1 - - [15/Aug/2015:17:57:02 -0300] "GET /interfaz/img/plataforma/nube3.png HTTP/1.1" 404 231
::1 - - [15/Aug/2015:17:57:02 -0300] "GET /interfaz/img/icons/fabu.png HTTP/1.1" 404 225
::1 - - [15/Aug/2015:17:57:02 -0300] "GET /interfaz/img/icons/berni_sec.png HTTP/1.1" 404 230
::1 - - [15/Aug/2015:17:57:17 -0300] "GET /interfaz/css/interfaz.css HTTP/1.1" 404 223
::1 - - [15/Aug/2015:17:57:25 -0300] "GET /i HTTP/1.1" 404 199
::1 - - [15/Aug/2015:17:57:27 -0300] "GET / HTTP/1.1" 200 13022
::1 - - [15/Aug/2015:17:57:28 -0300] "GET /interfaz/css/interfaz.css HTTP/1.1" 404 223
::1 - - [15/Aug/2015:17:57:28 -0300] "GET /font-awesome/css/font-awesome.min.css HTTP/1.1" 404 235
::1 - - [15/Aug/2015:17:57:28 -0300] "GET /interfaz/js/jquery.js HTTP/1.1" 404 219
::1 - - [15/Aug/2015:17:57:28 -0300] "GET /interfaz/js/modernizr.custom.js HTTP/1.1" 404 229
::1 - - [15/Aug/2015:17:57:28 -0300] "GET /interfaz/js/jquery-ui.min.js HTTP/1.1" 404 226
::1 - - [15/Aug/2015:17:57:28 -0300] "GET /interfaz/js/interfaz.js HTTP/1.1" 404 221
::1 - - [15/Aug/2015:17:57:28 -0300] "GET /interfaz/img/icons/mark.png HTTP/1.1" 404 225
::1 - - [15/Aug/2015:17:57:28 -0300] "GET /interfaz/img/plataforma/nube1.png HTTP/1.1" 404 231
::1 - - [15/Aug/2015:17:57:28 -0300] "GET /interfaz/img/plataforma/nube2.png HTTP/1.1" 404 231
::1 - - [15/Aug/2015:17:57:28 -0300] "GET /interfaz/img/plataforma/nube3.png HTTP/1.1" 404 231
::1 - - [15/Aug/2015:17:57:28 -0300] "GET /interfaz/img/icons/fabu.png HTTP/1.1" 404 225
::1 - - [15/Aug/2015:17:57:28 -0300] "GET /interfaz/img/icons/berni_sec.png HTTP/1.1" 404 230
::1 - - [16/Aug/2015:02:18:17 -0300] "GET / HTTP/1.1" 200 13022
::1 - - [16/Aug/2015:02:18:18 -0300] "GET /interfaz/css/interfaz.css HTTP/1.1" 404 223
::1 - - [16/Aug/2015:02:18:18 -0300] "GET /font-awesome/css/font-awesome.min.css HTTP/1.1" 404 235
::1 - - [16/Aug/2015:02:18:18 -0300] "GET /interfaz/js/jquery-ui.min.js HTTP/1.1" 404 226
::1 - - [16/Aug/2015:02:18:18 -0300] "GET /interfaz/js/jquery.js HTTP/1.1" 404 219
::1 - - [16/Aug/2015:02:18:18 -0300] "GET /interfaz/js/modernizr.custom.js HTTP/1.1" 404 229
::1 - - [16/Aug/2015:02:18:18 -0300] "GET /interfaz/js/interfaz.js HTTP/1.1" 404 221
::1 - - [16/Aug/2015:02:18:18 -0300] "GET /css/primaria.css HTTP/1.1" 200 3348
::1 - - [16/Aug/2015:02:18:18 -0300] "GET /interfaz/img/icons/mark.png HTTP/1.1" 404 225
::1 - - [16/Aug/2015:02:18:18 -0300] "GET /interfaz/img/plataforma/nube1.png HTTP/1.1" 404 231
::1 - - [16/Aug/2015:02:18:18 -0300] "GET /interfaz/img/plataforma/nube2.png HTTP/1.1" 404 231
::1 - - [16/Aug/2015:02:18:18 -0300] "GET /img/logo-berni.png HTTP/1.1" 200 11188
::1 - - [16/Aug/2015:02:18:18 -0300] "GET /interfaz/img/plataforma/nube3.png HTTP/1.1" 404 231
::1 - - [16/Aug/2015:02:18:18 -0300] "GET /js/primaria.js HTTP/1.1" 200 1711
::1 - - [16/Aug/2015:02:18:18 -0300] "GET /interfaz/img/icons/fabu.png HTTP/1.1" 404 225
::1 - - [16/Aug/2015:02:18:18 -0300] "GET /interfaz/img/icons/berni_sec.png HTTP/1.1" 404 230
::1 - - [16/Aug/2015:02:18:18 -0300] "GET /img/plataforma/1-2.jpg HTTP/1.1" 200 81743
::1 - - [16/Aug/2015:02:18:18 -0300] "GET /img/plataforma/1-1.jpg HTTP/1.1" 200 70334
::1 - - [16/Aug/2015:02:18:18 -0300] "GET /img/plataforma/footer-primaria.png HTTP/1.1" 200 355657
::1 - - [16/Aug/2015:02:18:18 -0300] "GET /interfaz/img/icons/mark.png HTTP/1.1" 404 225
::1 - - [16/Aug/2015:02:18:18 -0300] "GET /interfaz/img/plataforma/nube1.png HTTP/1.1" 404 231
::1 - - [16/Aug/2015:02:18:18 -0300] "GET /interfaz/img/plataforma/nube2.png HTTP/1.1" 404 231
::1 - - [16/Aug/2015:02:18:18 -0300] "GET /interfaz/img/plataforma/nube3.png HTTP/1.1" 404 231
::1 - - [16/Aug/2015:02:18:18 -0300] "GET /interfaz/img/icons/fabu.png HTTP/1.1" 404 225
::1 - - [16/Aug/2015:02:18:18 -0300] "GET /interfaz/img/icons/berni_sec.png HTTP/1.1" 404 230
::1 - - [16/Aug/2015:02:18:18 -0300] "GET /img/icons/esquina.png HTTP/1.1" 200 395
::1 - - [16/Aug/2015:02:18:18 -0300] "GET /img/icons/background-primaria.png HTTP/1.1" 200 158245
::1 - - [16/Aug/2015:02:18:18 -0300] "GET /favicon.ico HTTP/1.1" 404 209
::1 - - [16/Aug/2015:02:24:09 -0300] "GET / HTTP/1.1" 200 13022
::1 - - [16/Aug/2015:02:24:09 -0300] "GET /interfaz/css/interfaz.css HTTP/1.1" 404 223
::1 - - [16/Aug/2015:02:24:09 -0300] "GET /font-awesome/css/font-awesome.min.css HTTP/1.1" 404 235
::1 - - [16/Aug/2015:02:24:09 -0300] "GET /css/primaria.css HTTP/1.1" 304 -
::1 - - [16/Aug/2015:02:24:09 -0300] "GET /interfaz/js/jquery.js HTTP/1.1" 404 219
::1 - - [16/Aug/2015:02:24:09 -0300] "GET /interfaz/js/jquery-ui.min.js HTTP/1.1" 404 226
::1 - - [16/Aug/2015:02:24:09 -0300] "GET /interfaz/js/modernizr.custom.js HTTP/1.1" 404 229
::1 - - [16/Aug/2015:02:24:09 -0300] "GET /interfaz/js/interfaz.js HTTP/1.1" 404 221
::1 - - [16/Aug/2015:02:24:09 -0300] "GET /js/primaria.js HTTP/1.1" 304 -
::1 - - [16/Aug/2015:02:24:09 -0300] "GET /interfaz/img/icons/mark.png HTTP/1.1" 404 225
::1 - - [16/Aug/2015:02:24:09 -0300] "GET /img/logo-berni.png HTTP/1.1" 304 -
::1 - - [16/Aug/2015:02:24:09 -0300] "GET /interfaz/img/plataforma/nube1.png HTTP/1.1" 404 231
::1 - - [16/Aug/2015:02:24:09 -0300] "GET /interfaz/img/plataforma/nube2.png HTTP/1.1" 404 231
::1 - - [16/Aug/2015:02:24:09 -0300] "GET /interfaz/img/plataforma/nube3.png HTTP/1.1" 404 231
::1 - - [16/Aug/2015:02:24:09 -0300] "GET /img/plataforma/1-1.jpg HTTP/1.1" 304 -
::1 - - [16/Aug/2015:02:24:09 -0300] "GET /img/plataforma/1-2.jpg HTTP/1.1" 304 -
::1 - - [16/Aug/2015:02:24:09 -0300] "GET /interfaz/img/icons/fabu.png HTTP/1.1" 404 225
::1 - - [16/Aug/2015:02:24:09 -0300] "GET /interfaz/img/icons/berni_sec.png HTTP/1.1" 404 230
::1 - - [16/Aug/2015:02:24:09 -0300] "GET /img/plataforma/footer-primaria.png HTTP/1.1" 304 -
::1 - - [16/Aug/2015:02:24:10 -0300] "GET / HTTP/1.1" 200 13022
::1 - - [16/Aug/2015:02:24:10 -0300] "GET /interfaz/css/interfaz.css HTTP/1.1" 404 223
::1 - - [16/Aug/2015:02:24:10 -0300] "GET /font-awesome/css/font-awesome.min.css HTTP/1.1" 404 235
::1 - - [16/Aug/2015:02:24:10 -0300] "GET /interfaz/js/jquery.js HTTP/1.1" 404 219
::1 - - [16/Aug/2015:02:24:10 -0300] "GET /interfaz/js/jquery-ui.min.js HTTP/1.1" 404 226
::1 - - [16/Aug/2015:02:24:10 -0300] "GET /css/primaria.css HTTP/1.1" 304 -
::1 - - [16/Aug/2015:02:24:10 -0300] "GET /interfaz/js/modernizr.custom.js HTTP/1.1" 404 229
::1 - - [16/Aug/2015:02:24:10 -0300] "GET /interfaz/js/interfaz.js HTTP/1.1" 404 221
::1 - - [16/Aug/2015:02:24:10 -0300] "GET /js/primaria.js HTTP/1.1" 304 -
::1 - - [16/Aug/2015:02:24:10 -0300] "GET /interfaz/img/icons/mark.png HTTP/1.1" 404 225
::1 - - [16/Aug/2015:02:24:10 -0300] "GET /img/logo-berni.png HTTP/1.1" 304 -
::1 - - [16/Aug/2015:02:24:10 -0300] "GET /interfaz/img/plataforma/nube1.png HTTP/1.1" 404 231
::1 - - [16/Aug/2015:02:24:10 -0300] "GET /interfaz/img/plataforma/nube2.png HTTP/1.1" 404 231
::1 - - [16/Aug/2015:02:24:10 -0300] "GET /interfaz/img/plataforma/nube3.png HTTP/1.1" 404 231
::1 - - [16/Aug/2015:02:24:10 -0300] "GET /img/plataforma/1-1.jpg HTTP/1.1" 304 -
::1 - - [16/Aug/2015:02:24:10 -0300] "GET /img/plataforma/1-2.jpg HTTP/1.1" 304 -
::1 - - [16/Aug/2015:02:24:10 -0300] "GET /interfaz/img/icons/fabu.png HTTP/1.1" 404 225
::1 - - [16/Aug/2015:02:24:10 -0300] "GET /interfaz/img/icons/berni_sec.png HTTP/1.1" 404 230
::1 - - [16/Aug/2015:02:24:10 -0300] "GET /img/plataforma/footer-primaria.png HTTP/1.1" 304 -
::1 - - [16/Aug/2015:02:24:51 -0300] "GET / HTTP/1.1" 200 13022
::1 - - [16/Aug/2015:02:24:51 -0300] "GET /interfaz/js/jquery-ui.min.js HTTP/1.1" 404 226
::1 - - [16/Aug/2015:02:24:51 -0300] "GET /interfaz/css/interfaz.css HTTP/1.1" 404 223
::1 - - [16/Aug/2015:02:24:51 -0300] "GET /font-awesome/css/font-awesome.min.css HTTP/1.1" 404 235
::1 - - [16/Aug/2015:02:24:51 -0300] "GET /css/primaria.css HTTP/1.1" 304 -
::1 - - [16/Aug/2015:02:24:51 -0300] "GET /interfaz/js/jquery.js HTTP/1.1" 404 219
::1 - - [16/Aug/2015:02:24:51 -0300] "GET /interfaz/js/modernizr.custom.js HTTP/1.1" 404 229
::1 - - [16/Aug/2015:02:24:51 -0300] "GET /interfaz/js/interfaz.js HTTP/1.1" 404 221
::1 - - [16/Aug/2015:02:24:51 -0300] "GET /js/primaria.js HTTP/1.1" 304 -
::1 - - [16/Aug/2015:02:24:51 -0300] "GET /img/logo-berni.png HTTP/1.1" 304 -
::1 - - [16/Aug/2015:02:24:51 -0300] "GET /interfaz/img/icons/mark.png HTTP/1.1" 404 225
::1 - - [16/Aug/2015:02:24:51 -0300] "GET /interfaz/img/plataforma/nube1.png HTTP/1.1" 404 231
::1 - - [16/Aug/2015:02:24:51 -0300] "GET /interfaz/img/plataforma/nube2.png HTTP/1.1" 404 231
::1 - - [16/Aug/2015:02:24:51 -0300] "GET /interfaz/img/plataforma/nube3.png HTTP/1.1" 404 231
::1 - - [16/Aug/2015:02:24:51 -0300] "GET /img/plataforma/1-1.jpg HTTP/1.1" 304 -
::1 - - [16/Aug/2015:02:24:51 -0300] "GET /img/plataforma/1-2.jpg HTTP/1.1" 304 -
::1 - - [16/Aug/2015:02:24:51 -0300] "GET /interfaz/img/icons/fabu.png HTTP/1.1" 404 225
::1 - - [16/Aug/2015:02:24:51 -0300] "GET /img/plataforma/footer-primaria.png HTTP/1.1" 304 -
::1 - - [16/Aug/2015:02:24:51 -0300] "GET /interfaz/img/icons/berni_sec.png HTTP/1.1" 404 230
::1 - - [16/Aug/2015:02:24:52 -0300] "GET / HTTP/1.1" 200 13022
::1 - - [16/Aug/2015:02:24:52 -0300] "GET /interfaz/css/interfaz.css HTTP/1.1" 404 223
::1 - - [16/Aug/2015:02:24:52 -0300] "GET /font-awesome/css/font-awesome.min.css HTTP/1.1" 404 235
::1 - - [16/Aug/2015:02:24:52 -0300] "GET /interfaz/js/jquery.js HTTP/1.1" 404 219
::1 - - [16/Aug/2015:02:24:52 -0300] "GET /interfaz/js/jquery-ui.min.js HTTP/1.1" 404 226
::1 - - [16/Aug/2015:02:24:52 -0300] "GET /interfaz/js/modernizr.custom.js HTTP/1.1" 404 229
::1 - - [16/Aug/2015:02:24:52 -0300] "GET /interfaz/js/interfaz.js HTTP/1.1" 404 221
::1 - - [16/Aug/2015:02:24:52 -0300] "GET /css/primaria.css HTTP/1.1" 304 -
::1 - - [16/Aug/2015:02:24:52 -0300] "GET /js/primaria.js HTTP/1.1" 304 -
::1 - - [16/Aug/2015:02:24:52 -0300] "GET /interfaz/img/icons/mark.png HTTP/1.1" 404 225
::1 - - [16/Aug/2015:02:24:52 -0300] "GET /interfaz/img/plataforma/nube1.png HTTP/1.1" 404 231
::1 - - [16/Aug/2015:02:24:52 -0300] "GET /img/logo-berni.png HTTP/1.1" 304 -
::1 - - [16/Aug/2015:02:24:52 -0300] "GET /interfaz/img/plataforma/nube2.png HTTP/1.1" 404 231
::1 - - [16/Aug/2015:02:24:52 -0300] "GET /interfaz/img/plataforma/nube3.png HTTP/1.1" 404 231
::1 - - [16/Aug/2015:02:24:52 -0300] "GET /img/plataforma/1-1.jpg HTTP/1.1" 304 -
::1 - - [16/Aug/2015:02:24:52 -0300] "GET /img/plataforma/1-2.jpg HTTP/1.1" 304 -
::1 - - [16/Aug/2015:02:24:52 -0300] "GET /interfaz/img/icons/fabu.png HTTP/1.1" 404 225
::1 - - [16/Aug/2015:02:24:52 -0300] "GET /interfaz/img/icons/berni_sec.png HTTP/1.1" 404 230
::1 - - [16/Aug/2015:02:24:52 -0300] "GET /img/plataforma/footer-primaria.png HTTP/1.1" 304 -
::1 - - [16/Aug/2015:02:25:41 -0300] "GET / HTTP/1.1" 200 13022
::1 - - [16/Aug/2015:02:25:41 -0300] "GET /interfaz/css/interfaz.css HTTP/1.1" 404 223
::1 - - [16/Aug/2015:02:25:41 -0300] "GET /font-awesome/css/font-awesome.min.css HTTP/1.1" 404 235
::1 - - [16/Aug/2015:02:25:41 -0300] "GET /interfaz/js/jquery.js HTTP/1.1" 404 219
::1 - - [16/Aug/2015:02:25:41 -0300] "GET /interfaz/js/jquery-ui.min.js HTTP/1.1" 404 226
::1 - - [16/Aug/2015:02:25:41 -0300] "GET /css/primaria.css HTTP/1.1" 304 -
::1 - - [16/Aug/2015:02:25:41 -0300] "GET /interfaz/js/modernizr.custom.js HTTP/1.1" 404 229
::1 - - [16/Aug/2015:02:25:41 -0300] "GET /interfaz/js/interfaz.js HTTP/1.1" 404 221
::1 - - [16/Aug/2015:02:25:41 -0300] "GET /js/primaria.js HTTP/1.1" 304 -
::1 - - [16/Aug/2015:02:25:41 -0300] "GET /interfaz/img/icons/mark.png HTTP/1.1" 404 225
::1 - - [16/Aug/2015:02:25:41 -0300] "GET /img/logo-berni.png HTTP/1.1" 304 -
::1 - - [16/Aug/2015:02:25:41 -0300] "GET /interfaz/img/plataforma/nube1.png HTTP/1.1" 404 231
::1 - - [16/Aug/2015:02:25:41 -0300] "GET /interfaz/img/plataforma/nube2.png HTTP/1.1" 404 231
::1 - - [16/Aug/2015:02:25:41 -0300] "GET /interfaz/img/plataforma/nube3.png HTTP/1.1" 404 231
::1 - - [16/Aug/2015:02:25:41 -0300] "GET /img/plataforma/1-1.jpg HTTP/1.1" 304 -
::1 - - [16/Aug/2015:02:25:41 -0300] "GET /img/plataforma/1-2.jpg HTTP/1.1" 304 -
::1 - - [16/Aug/2015:02:25:41 -0300] "GET /interfaz/img/icons/fabu.png HTTP/1.1" 404 225
::1 - - [16/Aug/2015:02:25:41 -0300] "GET /interfaz/img/icons/berni_sec.png HTTP/1.1" 404 230
::1 - - [16/Aug/2015:02:25:41 -0300] "GET /img/plataforma/footer-primaria.png HTTP/1.1" 304 -
::1 - - [16/Aug/2015:02:25:41 -0300] "GET / HTTP/1.1" 200 13022
::1 - - [16/Aug/2015:02:25:42 -0300] "GET /interfaz/css/interfaz.css HTTP/1.1" 404 223
::1 - - [16/Aug/2015:02:25:42 -0300] "GET /font-awesome/css/font-awesome.min.css HTTP/1.1" 404 235
::1 - - [16/Aug/2015:02:25:42 -0300] "GET /interfaz/js/jquery.js HTTP/1.1" 404 219
::1 - - [16/Aug/2015:02:25:42 -0300] "GET /interfaz/js/jquery-ui.min.js HTTP/1.1" 404 226
::1 - - [16/Aug/2015:02:25:42 -0300] "GET /interfaz/js/modernizr.custom.js HTTP/1.1" 404 229
::1 - - [16/Aug/2015:02:25:42 -0300] "GET /css/primaria.css HTTP/1.1" 304 -
::1 - - [16/Aug/2015:02:25:42 -0300] "GET /interfaz/js/interfaz.js HTTP/1.1" 404 221
::1 - - [16/Aug/2015:02:25:42 -0300] "GET /js/primaria.js HTTP/1.1" 304 -
::1 - - [16/Aug/2015:02:25:42 -0300] "GET /interfaz/img/icons/mark.png HTTP/1.1" 404 225
::1 - - [16/Aug/2015:02:25:42 -0300] "GET /img/logo-berni.png HTTP/1.1" 304 -
::1 - - [16/Aug/2015:02:25:42 -0300] "GET /interfaz/img/plataforma/nube1.png HTTP/1.1" 404 231
::1 - - [16/Aug/2015:02:25:42 -0300] "GET /interfaz/img/plataforma/nube2.png HTTP/1.1" 404 231
::1 - - [16/Aug/2015:02:25:42 -0300] "GET /interfaz/img/plataforma/nube3.png HTTP/1.1" 404 231
::1 - - [16/Aug/2015:02:25:42 -0300] "GET /img/plataforma/1-1.jpg HTTP/1.1" 304 -
::1 - - [16/Aug/2015:02:25:42 -0300] "GET /img/plataforma/1-2.jpg HTTP/1.1" 304 -
::1 - - [16/Aug/2015:02:25:42 -0300] "GET /interfaz/img/icons/fabu.png HTTP/1.1" 404 225
::1 - - [16/Aug/2015:02:25:42 -0300] "GET /interfaz/img/icons/berni_sec.png HTTP/1.1" 404 230
::1 - - [16/Aug/2015:02:25:42 -0300] "GET /img/plataforma/footer-primaria.png HTTP/1.1" 304 -
::1 - - [16/Aug/2015:02:26:25 -0300] "GET / HTTP/1.1" 200 1161
::1 - - [16/Aug/2015:02:27:12 -0300] "GET / HTTP/1.1" 200 12792
::1 - - [16/Aug/2015:02:27:12 -0300] "GET /font-awesome/css/font-awesome.min.css HTTP/1.1" 404 235
::1 - - [16/Aug/2015:02:27:12 -0300] "GET /interfaz/css/interfaz.css HTTP/1.1" 404 223
::1 - - [16/Aug/2015:02:27:12 -0300] "GET /interfaz/js/jquery.js HTTP/1.1" 404 219
::1 - - [16/Aug/2015:02:27:12 -0300] "GET /interfaz/js/jquery-ui.min.js HTTP/1.1" 404 226
::1 - - [16/Aug/2015:02:27:12 -0300] "GET /interfaz/js/modernizr.custom.js HTTP/1.1" 404 229
::1 - - [16/Aug/2015:02:27:12 -0300] "GET /css/primaria.css HTTP/1.1" 304 -
::1 - - [16/Aug/2015:02:27:12 -0300] "GET /interfaz/js/interfaz.js HTTP/1.1" 404 221
::1 - - [16/Aug/2015:02:27:12 -0300] "GET /js/primaria.js HTTP/1.1" 304 -
::1 - - [16/Aug/2015:02:27:12 -0300] "GET /interfaz/img/icons/mark.png HTTP/1.1" 404 225
::1 - - [16/Aug/2015:02:27:12 -0300] "GET /img/logo-berni.png HTTP/1.1" 304 -
::1 - - [16/Aug/2015:02:27:12 -0300] "GET /interfaz/img/plataforma/nube1.png HTTP/1.1" 404 231
::1 - - [16/Aug/2015:02:27:12 -0300] "GET /interfaz/img/plataforma/nube2.png HTTP/1.1" 404 231
::1 - - [16/Aug/2015:02:27:12 -0300] "GET /interfaz/img/plataforma/nube3.png HTTP/1.1" 404 231
::1 - - [16/Aug/2015:02:27:12 -0300] "GET /img/plataforma/1-1.jpg HTTP/1.1" 304 -
::1 - - [16/Aug/2015:02:27:12 -0300] "GET /img/plataforma/1-2.jpg HTTP/1.1" 304 -
::1 - - [16/Aug/2015:02:27:12 -0300] "GET /interfaz/img/icons/fabu.png HTTP/1.1" 404 225
::1 - - [16/Aug/2015:02:27:12 -0300] "GET /interfaz/img/icons/berni_sec.png HTTP/1.1" 404 230
::1 - - [16/Aug/2015:02:27:12 -0300] "GET /img/plataforma/footer-primaria.png HTTP/1.1" 304 -
::1 - - [16/Aug/2015:02:27:12 -0300] "GET /img/icons/background-primaria.png HTTP/1.1" 304 -
::1 - - [16/Aug/2015:02:27:12 -0300] "GET /img/icons/esquina.png HTTP/1.1" 304 -
::1 - - [16/Aug/2015:02:27:13 -0300] "GET /interfaz/img/icons/favicon.ico HTTP/1.1" 404 228
::1 - - [16/Aug/2015:02:27:15 -0300] "GET / HTTP/1.1" 200 12792
::1 - - [16/Aug/2015:02:27:21 -0300] "GET /interfaz/css/interfaz.css HTTP/1.1" 404 223
::1 - - [16/Aug/2015:02:27:21 -0300] "GET /font-awesome/css/font-awesome.min.css HTTP/1.1" 404 235
::1 - - [16/Aug/2015:02:27:27 -0300] "GET / HTTP/1.1" 200 12792
::1 - - [16/Aug/2015:02:27:28 -0300] "GET /interfaz/css/interfaz.css HTTP/1.1" 404 223
::1 - - [16/Aug/2015:02:27:28 -0300] "GET /css/primaria.css HTTP/1.1" 304 -
::1 - - [16/Aug/2015:02:27:28 -0300] "GET /font-awesome/css/font-awesome.min.css HTTP/1.1" 404 235
::1 - - [16/Aug/2015:02:27:28 -0300] "GET /interfaz/js/jquery-ui.min.js HTTP/1.1" 404 226
::1 - - [16/Aug/2015:02:27:28 -0300] "GET /interfaz/js/jquery.js HTTP/1.1" 404 219
::1 - - [16/Aug/2015:02:27:28 -0300] "GET /interfaz/js/modernizr.custom.js HTTP/1.1" 404 229
::1 - - [16/Aug/2015:02:27:28 -0300] "GET /interfaz/js/interfaz.js HTTP/1.1" 404 221
::1 - - [16/Aug/2015:02:27:28 -0300] "GET /js/primaria.js HTTP/1.1" 304 -
::1 - - [16/Aug/2015:02:27:28 -0300] "GET /interfaz/img/icons/mark.png HTTP/1.1" 404 225
::1 - - [16/Aug/2015:02:27:28 -0300] "GET /img/logo-berni.png HTTP/1.1" 304 -
::1 - - [16/Aug/2015:02:27:28 -0300] "GET /interfaz/img/plataforma/nube1.png HTTP/1.1" 404 231
::1 - - [16/Aug/2015:02:27:28 -0300] "GET /interfaz/img/plataforma/nube2.png HTTP/1.1" 404 231
::1 - - [16/Aug/2015:02:27:28 -0300] "GET /interfaz/img/plataforma/nube3.png HTTP/1.1" 404 231
::1 - - [16/Aug/2015:02:27:28 -0300] "GET /img/plataforma/1-1.jpg HTTP/1.1" 304 -
::1 - - [16/Aug/2015:02:27:28 -0300] "GET /img/plataforma/1-2.jpg HTTP/1.1" 304 -
::1 - - [16/Aug/2015:02:27:28 -0300] "GET /interfaz/img/icons/fabu.png HTTP/1.1" 404 225
::1 - - [16/Aug/2015:02:27:28 -0300] "GET /interfaz/img/icons/berni_sec.png HTTP/1.1" 404 230
::1 - - [16/Aug/2015:02:27:28 -0300] "GET /img/plataforma/footer-primaria.png HTTP/1.1" 304 -
::1 - - [16/Aug/2015:02:27:48 -0300] "GET /interfaz/css/interfaz.css HTTP/1.1" 404 223
::1 - - [16/Aug/2015:02:28:08 -0300] "-" 408 -
::1 - - [16/Aug/2015:02:28:08 -0300] "-" 408 -
::1 - - [16/Aug/2015:02:28:08 -0300] "-" 408 -
::1 - - [16/Aug/2015:02:28:08 -0300] "-" 408 -
::1 - - [16/Aug/2015:02:28:08 -0300] "-" 408 -
::1 - - [16/Aug/2015:02:28:25 -0300] "GET /interfaz/css/interfaz.css HTTP/1.1" 404 223
::1 - - [16/Aug/2015:02:28:28 -0300] "GET / HTTP/1.1" 200 12792
::1 - - [16/Aug/2015:02:28:29 -0300] "GET /interfaz/css/interfaz.css HTTP/1.1" 404 223
::1 - - [16/Aug/2015:02:28:29 -0300] "GET /font-awesome/css/font-awesome.min.css HTTP/1.1" 404 235
::1 - - [16/Aug/2015:02:28:29 -0300] "GET /css/primaria.css HTTP/1.1" 304 -
::1 - - [16/Aug/2015:02:28:29 -0300] "GET /interfaz/js/jquery.js HTTP/1.1" 404 219
::1 - - [16/Aug/2015:02:28:29 -0300] "GET /interfaz/js/jquery-ui.min.js HTTP/1.1" 404 226
::1 - - [16/Aug/2015:02:28:29 -0300] "GET /interfaz/js/modernizr.custom.js HTTP/1.1" 404 229
::1 - - [16/Aug/2015:02:28:29 -0300] "GET /interfaz/js/interfaz.js HTTP/1.1" 404 221
::1 - - [16/Aug/2015:02:28:29 -0300] "GET /interfaz/img/icons/mark.png HTTP/1.1" 404 225
::1 - - [16/Aug/2015:02:28:29 -0300] "GET /js/primaria.js HTTP/1.1" 304 -
::1 - - [16/Aug/2015:02:28:29 -0300] "GET /img/logo-berni.png HTTP/1.1" 304 -
::1 - - [16/Aug/2015:02:28:29 -0300] "GET /interfaz/img/plataforma/nube1.png HTTP/1.1" 404 231
::1 - - [16/Aug/2015:02:28:29 -0300] "GET /interfaz/img/plataforma/nube2.png HTTP/1.1" 404 231
::1 - - [16/Aug/2015:02:28:29 -0300] "GET /interfaz/img/plataforma/nube3.png HTTP/1.1" 404 231
::1 - - [16/Aug/2015:02:28:29 -0300] "GET /img/plataforma/1-1.jpg HTTP/1.1" 304 -
::1 - - [16/Aug/2015:02:28:29 -0300] "GET /img/plataforma/1-2.jpg HTTP/1.1" 304 -
::1 - - [16/Aug/2015:02:28:29 -0300] "GET /interfaz/img/icons/fabu.png HTTP/1.1" 404 225
::1 - - [16/Aug/2015:02:28:29 -0300] "GET /interfaz/img/icons/berni_sec.png HTTP/1.1" 404 230
::1 - - [16/Aug/2015:02:28:29 -0300] "GET /img/plataforma/footer-primaria.png HTTP/1.1" 304 -
::1 - - [16/Aug/2015:02:28:30 -0300] "GET / HTTP/1.1" 200 12792
::1 - - [16/Aug/2015:02:28:30 -0300] "GET /interfaz/css/interfaz.css HTTP/1.1" 404 223
::1 - - [16/Aug/2015:02:28:30 -0300] "GET /font-awesome/css/font-awesome.min.css HTTP/1.1" 404 235
::1 - - [16/Aug/2015:02:28:30 -0300] "GET /css/primaria.css HTTP/1.1" 304 -
::1 - - [16/Aug/2015:02:28:30 -0300] "GET /interfaz/js/jquery.js HTTP/1.1" 404 219
::1 - - [16/Aug/2015:02:28:30 -0300] "GET /interfaz/js/jquery-ui.min.js HTTP/1.1" 404 226
::1 - - [16/Aug/2015:02:28:30 -0300] "GET /interfaz/js/modernizr.custom.js HTTP/1.1" 404 229
::1 - - [16/Aug/2015:02:28:30 -0300] "GET /interfaz/js/interfaz.js HTTP/1.1" 404 221
::1 - - [16/Aug/2015:02:28:30 -0300] "GET /js/primaria.js HTTP/1.1" 304 -
::1 - - [16/Aug/2015:02:28:30 -0300] "GET /interfaz/img/icons/mark.png HTTP/1.1" 404 225
::1 - - [16/Aug/2015:02:28:30 -0300] "GET /img/logo-berni.png HTTP/1.1" 304 -
::1 - - [16/Aug/2015:02:28:30 -0300] "GET /interfaz/img/plataforma/nube1.png HTTP/1.1" 404 231
::1 - - [16/Aug/2015:02:28:30 -0300] "GET /interfaz/img/plataforma/nube2.png HTTP/1.1" 404 231
::1 - - [16/Aug/2015:02:28:30 -0300] "GET /interfaz/img/plataforma/nube3.png HTTP/1.1" 404 231
::1 - - [16/Aug/2015:02:28:30 -0300] "GET /img/plataforma/1-1.jpg HTTP/1.1" 304 -
::1 - - [16/Aug/2015:02:28:30 -0300] "GET /img/plataforma/1-2.jpg HTTP/1.1" 304 -
::1 - - [16/Aug/2015:02:28:30 -0300] "GET /interfaz/img/icons/fabu.png HTTP/1.1" 404 225
::1 - - [16/Aug/2015:02:28:30 -0300] "GET /interfaz/img/icons/berni_sec.png HTTP/1.1" 404 230
::1 - - [16/Aug/2015:02:28:30 -0300] "GET /img/plataforma/footer-primaria.png HTTP/1.1" 304 -
::1 - - [16/Aug/2015:02:30:42 -0300] "GET /interfaz/css/interfaz.css HTTP/1.1" 404 223
::1 - - [16/Aug/2015:02:30:45 -0300] "GET / HTTP/1.1" 200 12792
::1 - - [16/Aug/2015:02:30:45 -0300] "GET /interfaz/css/interfaz.css HTTP/1.1" 404 223
::1 - - [16/Aug/2015:02:30:45 -0300] "GET /font-awesome/css/font-awesome.min.css HTTP/1.1" 404 235
::1 - - [16/Aug/2015:02:30:45 -0300] "GET /interfaz/js/jquery-ui.min.js HTTP/1.1" 404 226
::1 - - [16/Aug/2015:02:30:45 -0300] "GET /interfaz/js/jquery.js HTTP/1.1" 404 219
::1 - - [16/Aug/2015:02:30:45 -0300] "GET /interfaz/js/modernizr.custom.js HTTP/1.1" 404 229
::1 - - [16/Aug/2015:02:30:45 -0300] "GET /interfaz/js/interfaz.js HTTP/1.1" 404 221
::1 - - [16/Aug/2015:02:30:45 -0300] "GET /interfaz/img/icons/mark.png HTTP/1.1" 404 225
::1 - - [16/Aug/2015:02:30:45 -0300] "GET /interfaz/img/plataforma/nube1.png HTTP/1.1" 404 231
::1 - - [16/Aug/2015:02:30:45 -0300] "GET /interfaz/img/plataforma/nube2.png HTTP/1.1" 404 231
::1 - - [16/Aug/2015:02:30:45 -0300] "GET /interfaz/img/plataforma/nube3.png HTTP/1.1" 404 231
::1 - - [16/Aug/2015:02:30:45 -0300] "GET /interfaz/img/icons/fabu.png HTTP/1.1" 404 225
::1 - - [16/Aug/2015:02:30:45 -0300] "GET /interfaz/img/icons/berni_sec.png HTTP/1.1" 404 230
::1 - - [16/Aug/2015:02:30:55 -0300] "GET /font-awesome/css/font-awesome.min.css HTTP/1.1" 404 235
::1 - - [16/Aug/2015:02:30:55 -0300] "GET /interfaz/css/interfaz.css HTTP/1.1" 404 223
::1 - - [16/Aug/2015:02:32:27 -0300] "GET / HTTP/1.1" 200 12792
::1 - - [16/Aug/2015:02:34:07 -0300] "GET / HTTP/1.1" 200 12792
::1 - - [16/Aug/2015:02:34:08 -0300] "GET /font-awesome/css/font-awesome.min.css HTTP/1.1" 404 235
::1 - - [16/Aug/2015:02:34:08 -0300] "GET /css/primaria.css HTTP/1.1" 304 -
::1 - - [16/Aug/2015:02:34:08 -0300] "GET /interfaz/css/interfaz.css HTTP/1.1" 404 223
::1 - - [16/Aug/2015:02:34:08 -0300] "GET /interfaz/js/jquery-ui.min.js HTTP/1.1" 404 226
::1 - - [16/Aug/2015:02:34:08 -0300] "GET /interfaz/js/modernizr.custom.js HTTP/1.1" 404 229
::1 - - [16/Aug/2015:02:34:08 -0300] "GET /interfaz/js/jquery.js HTTP/1.1" 404 219
::1 - - [16/Aug/2015:02:34:08 -0300] "GET /interfaz/js/interfaz.js HTTP/1.1" 404 221
::1 - - [16/Aug/2015:02:34:08 -0300] "GET /js/primaria.js HTTP/1.1" 304 -
::1 - - [16/Aug/2015:02:34:08 -0300] "GET /interfaz/img/icons/mark.png HTTP/1.1" 404 225
::1 - - [16/Aug/2015:02:34:08 -0300] "GET /img/logo-berni.png HTTP/1.1" 304 -
::1 - - [16/Aug/2015:02:34:08 -0300] "GET /interfaz/img/plataforma/nube1.png HTTP/1.1" 404 231
::1 - - [16/Aug/2015:02:34:08 -0300] "GET /interfaz/img/plataforma/nube2.png HTTP/1.1" 404 231
::1 - - [16/Aug/2015:02:34:08 -0300] "GET /interfaz/img/plataforma/nube3.png HTTP/1.1" 404 231
::1 - - [16/Aug/2015:02:34:08 -0300] "GET /img/plataforma/1-1.jpg HTTP/1.1" 304 -
::1 - - [16/Aug/2015:02:34:08 -0300] "GET /img/plataforma/1-2.jpg HTTP/1.1" 304 -
::1 - - [16/Aug/2015:02:34:08 -0300] "GET /interfaz/img/icons/fabu.png HTTP/1.1" 404 225
::1 - - [16/Aug/2015:02:34:08 -0300] "GET /interfaz/img/icons/berni_sec.png HTTP/1.1" 404 230
::1 - - [16/Aug/2015:02:34:08 -0300] "GET /img/plataforma/footer-primaria.png HTTP/1.1" 304 -
::1 - - [16/Aug/2015:02:34:08 -0300] "GET /img/icons/esquina.png HTTP/1.1" 304 -
::1 - - [16/Aug/2015:02:34:08 -0300] "GET /img/icons/background-primaria.png HTTP/1.1" 304 -
::1 - - [16/Aug/2015:02:34:10 -0300] "GET / HTTP/1.1" 200 12792
::1 - - [16/Aug/2015:02:34:18 -0300] "GET / HTTP/1.1" 200 12793
::1 - - [16/Aug/2015:02:34:21 -0300] "GET / HTTP/1.1" 200 12793
::1 - - [16/Aug/2015:02:34:21 -0300] "GET /interfaz/css/interfaz.css HTTP/1.1" 404 223
::1 - - [16/Aug/2015:02:34:21 -0300] "GET /font-awesome/css/font-awesome.min.css HTTP/1.1" 404 235
::1 - - [16/Aug/2015:02:34:21 -0300] "GET /css/primaria.css HTTP/1.1" 304 -
::1 - - [16/Aug/2015:02:34:21 -0300] "GET /interfaz/js/jquery.js HTTP/1.1" 404 219
::1 - - [16/Aug/2015:02:34:21 -0300] "GET /interfaz/js/jquery-ui.min.js HTTP/1.1" 404 226
::1 - - [16/Aug/2015:02:34:21 -0300] "GET /interfaz/js/modernizr.custom.js HTTP/1.1" 404 229
::1 - - [16/Aug/2015:02:34:21 -0300] "GET /interfaz/js/interfaz.js HTTP/1.1" 404 221
::1 - - [16/Aug/2015:02:34:21 -0300] "GET /js/primaria.js HTTP/1.1" 304 -
::1 - - [16/Aug/2015:02:34:21 -0300] "GET /interfaz/img/icons/mark.png HTTP/1.1" 404 225
::1 - - [16/Aug/2015:02:34:21 -0300] "GET /img/logo-berni.png HTTP/1.1" 304 -
::1 - - [16/Aug/2015:02:34:21 -0300] "GET /interfaz/img/plataforma/nube2.png HTTP/1.1" 404 231
::1 - - [16/Aug/2015:02:34:21 -0300] "GET /interfaz/img/plataforma/nube1.png HTTP/1.1" 404 231
::1 - - [16/Aug/2015:02:34:21 -0300] "GET /interfaz/img/plataforma/nube3.png HTTP/1.1" 404 231
::1 - - [16/Aug/2015:02:34:21 -0300] "GET /img/plataforma/1-1.jpg HTTP/1.1" 304 -
::1 - - [16/Aug/2015:02:34:21 -0300] "GET /img/plataforma/1-2.jpg HTTP/1.1" 304 -
::1 - - [16/Aug/2015:02:34:21 -0300] "GET /interfaz/img/icons/fabu.png HTTP/1.1" 404 225
::1 - - [16/Aug/2015:02:34:21 -0300] "GET /interfaz/img/icons/berni_sec.png HTTP/1.1" 404 230
::1 - - [16/Aug/2015:02:34:21 -0300] "GET /img/plataforma/footer-primaria.png HTTP/1.1" 304 -
::1 - - [16/Aug/2015:02:34:21 -0300] "GET /img/icons/background-primaria.png HTTP/1.1" 304 -
::1 - - [16/Aug/2015:02:34:21 -0300] "GET /img/icons/esquina.png HTTP/1.1" 304 -
